<?xml version="1.0" encoding="UTF-8"?>
<!-- Generated by org.testng.reporters.JUnitReportReporter -->
<testsuite hostname="Aaradhya" failures="0" tests="1" name="testClases.TC004_SearchFunctionalityTest" time="13.006" errors="0" timestamp="2025-06-18T02:43:36 IST" skipped="0">
  <testcase classname="testClases.TC004_SearchFunctionalityTest" name="SearchProduct" time="13.006"/>
</testsuite> <!-- testClases.TC004_SearchFunctionalityTest -->
