<?xml version="1.0" encoding="UTF-8"?>
<!-- Generated by org.testng.reporters.JUnitReportReporter -->
<testsuite hostname="Aaradhya" failures="0" tests="1" name="testClases.TC004_SearchFunctionalityTest" time="12.460" errors="0" timestamp="2025-05-29T22:43:11 IST" skipped="0">
  <testcase classname="testClases.TC004_SearchFunctionalityTest" name="SearchProduct" time="12.460"/>
</testsuite> <!-- testClases.TC004_SearchFunctionalityTest -->
