<?xml version="1.0" encoding="UTF-8"?>
<!-- Generated by org.testng.reporters.JUnitReportReporter -->
<testsuite hostname="Aaradhya" failures="0" tests="6" name="testClases.TC003_LoginDDT" time="46.213" errors="0" timestamp="2025-05-27T15:26:21 IST" skipped="0">
  <testcase classname="testClases.TC003_LoginDDT" name="verify_loginDDT" time="13.525"/>
  <testcase classname="testClases.TC003_LoginDDT" name="verify_loginDDT" time="4.700"/>
  <testcase classname="testClases.TC003_LoginDDT" name="verify_loginDDT" time="4.748"/>
  <testcase classname="testClases.TC003_LoginDDT" name="verify_loginDDT" time="4.966"/>
  <testcase classname="testClases.TC003_LoginDDT" name="verify_loginDDT" time="4.720"/>
  <testcase classname="testClases.TC003_LoginDDT" name="verify_loginDDT" time="13.554"/>
</testsuite> <!-- testClases.TC003_LoginDDT -->
