<?xml version="1.0" encoding="UTF-8"?>
<!-- Generated by org.testng.reporters.JUnitReportReporter -->
<testsuite hostname="Aaradhya" failures="0" tests="1" name="testClases.TC006_CartPageTest" time="2.542" errors="0" timestamp="2025-05-30T02:38:29 IST" skipped="0">
  <testcase classname="testClases.TC006_CartPageTest" name="verify_cartpage" time="2.542"/>
</testsuite> <!-- testClases.TC006_CartPageTest -->
