<?xml version="1.0" encoding="UTF-8"?>
<!-- Generated by org.testng.reporters.JUnitReportReporter -->
<testsuite hostname="Aaradhya" failures="0" tests="1" name="testClases.TC005_DetailPageTest" time="9.530" errors="0" timestamp="2025-06-17T22:05:09 IST" skipped="0">
  <testcase classname="testClases.TC005_DetailPageTest" name="verify_cart" time="9.530"/>
</testsuite> <!-- testClases.TC005_DetailPageTest -->
