<?xml version="1.0" encoding="UTF-8"?>
<!-- Generated by org.testng.reporters.JUnitReportReporter -->
<testsuite hostname="Aaradhya" failures="0" tests="1" name="testClases.TC001_AccountRegistrationTest" time="2.899" errors="0" timestamp="2025-05-28T03:51:13 IST" skipped="0">
  <testcase classname="testClases.TC001_AccountRegistrationTest" name="verify_account_registration" time="2.899"/>
</testsuite> <!-- testClases.TC001_AccountRegistrationTest -->
