<?xml version="1.0" encoding="UTF-8"?>
<!-- Generated by org.testng.reporters.JUnitReportReporter -->
<testsuite hostname="Aaradhya" failures="0" tests="1" name="testClases.TC005_CartPageTest" time="4.332" errors="0" timestamp="2025-05-30T00:52:10 IST" skipped="0">
  <testcase classname="testClases.TC005_CartPageTest" name="verify_cart" time="4.332"/>
</testsuite> <!-- testClases.TC005_CartPageTest -->
