<?xml version="1.0" encoding="UTF-8"?>
<!-- Generated by org.testng.reporters.JUnitReportReporter -->
<testsuite hostname="Aaradhya" failures="0" tests="1" name="testClases.TC006_CartPageTest" time="8.822" errors="0" timestamp="2025-06-18T02:43:36 IST" skipped="0">
  <testcase classname="testClases.TC006_CartPageTest" name="verify_cartpage" time="8.822"/>
</testsuite> <!-- testClases.TC006_CartPageTest -->
