<?xml version="1.0" encoding="UTF-8"?>
<!-- Generated by org.testng.reporters.JUnitReportReporter -->
<testsuite hostname="Aaradhya" failures="0" tests="1" name="testClases.TC002LoginTest" time="1.701" errors="0" timestamp="2025-05-28T03:51:13 IST" skipped="0">
  <testcase classname="testClases.TC002LoginTest" name="verify_login" time="1.701"/>
</testsuite> <!-- testClases.TC002LoginTest -->
