<?xml version="1.0" encoding="UTF-8"?>
<!-- Generated by org.testng.reporters.JUnitReportReporter -->
<testsuite hostname="Aaradhya" failures="0" tests="1" name="testClases.TC004_SearchFunctionalityTest" time="12.167" errors="0" timestamp="2025-05-28T23:06:37 IST" skipped="0">
  <testcase classname="testClases.TC004_SearchFunctionalityTest" name="SearchProduct" time="12.167"/>
</testsuite> <!-- testClases.TC004_SearchFunctionalityTest -->
