<?xml version="1.0" encoding="UTF-8"?>
<!-- Generated by org.testng.reporters.JUnitReportReporter -->
<testsuite hostname="Aaradhya" failures="0" tests="6" name="testClases.TC003_LoginDDT" time="51.588" errors="0" timestamp="2025-05-28T03:50:16 IST" skipped="0">
  <testcase classname="testClases.TC003_LoginDDT" name="verify_loginDDT" time="5.443"/>
  <testcase classname="testClases.TC003_LoginDDT" name="verify_loginDDT" time="5.723"/>
  <testcase classname="testClases.TC003_LoginDDT" name="verify_loginDDT" time="5.553"/>
  <testcase classname="testClases.TC003_LoginDDT" name="verify_loginDDT" time="14.746"/>
  <testcase classname="testClases.TC003_LoginDDT" name="verify_loginDDT" time="14.754"/>
  <testcase classname="testClases.TC003_LoginDDT" name="verify_loginDDT" time="5.369"/>
</testsuite> <!-- testClases.TC003_LoginDDT -->
