<?xml version="1.0" encoding="UTF-8"?>
<!-- Generated by org.testng.reporters.JUnitReportReporter -->
<testsuite hostname="Aaradhya" failures="0" tests="1" name="testClases.TC002LoginTest" time="1.955" errors="0" timestamp="2025-06-17T20:06:09 IST" skipped="0">
  <testcase classname="testClases.TC002LoginTest" name="verify_login" time="1.955"/>
</testsuite> <!-- testClases.TC002LoginTest -->
